# JRE version: OpenJDK Runtime Environment (8.0_152-b02) (build 1.8.0_152-release-1024-b02)
# Java VM: OpenJDK 64-Bit Server VM (25.152-b02 mixed mode windows-amd64 compressed oops)
Heap:
 PSYoungGen      total 319488K, used 281105K [0x00000000eab00000, 0x0000000100000000, 0x0000000100000000)
  eden space 295936K, 87% used [0x00000000eab00000,0x00000000fa8ab718,0x00000000fcc00000)
  from space 23552K, 90% used [0x00000000fe900000,0x00000000ffdd9020,0x0000000100000000)
  to   space 26624K, 0% used [0x00000000fcc00000,0x00000000fcc00000,0x00000000fe600000)
 ParOldGen       total 116736K, used 38986K [0x00000000c0000000, 0x00000000c7200000, 0x00000000eab00000)
  object space 116736K, 33% used [0x00000000c0000000,0x00000000c2612810,0x00000000c7200000)
 Metaspace       used 68533K, capacity 71534K, committed 71808K, reserved 1112064K
  class space    used 9008K, capacity 9748K, committed 9856K, reserved 1048576K
GC Heap History (10 events):
Event: 5.395 GC heap before
{Heap before GC invocations=11 (full 2):
 PSYoungGen      total 175616K, used 161792K [0x00000000eab00000, 0x00000000fb280000, 0x0000000100000000)
  eden space 161792K, 100% used [0x00000000eab00000,0x00000000f4900000,0x00000000f4900000)
  from space 13824K, 0% used [0x00000000f5680000,0x00000000f5680000,0x00000000f6400000)
  to   space 13824K, 0% used [0x00000000f4900000,0x00000000f4900000,0x00000000f5680000)
 ParOldGen       total 78336K, used 16533K [0x00000000c0000000, 0x00000000c4c80000, 0x00000000eab00000)
  object space 78336K, 21% used [0x00000000c0000000,0x00000000c1025728,0x00000000c4c80000)
 Metaspace       used 46945K, capacity 48324K, committed 48512K, reserved 1091584K
  class space    used 6376K, capacity 6773K, committed 6784K, reserved 1048576K
Event: 5.412 GC heap after
Heap after GC invocations=11 (full 2):
 PSYoungGen      total 175616K, used 13792K [0x00000000eab00000, 0x00000000fb400000, 0x0000000100000000)
  eden space 161792K, 0% used [0x00000000eab00000,0x00000000eab00000,0x00000000f4900000)
  from space 13824K, 99% used [0x00000000f4900000,0x00000000f56781d8,0x00000000f5680000)
  to   space 17408K, 0% used [0x00000000fa300000,0x00000000fa300000,0x00000000fb400000)
 ParOldGen       total 78336K, used 21137K [0x00000000c0000000, 0x00000000c4c80000, 0x00000000eab00000)
  object space 78336K, 26% used [0x00000000c0000000,0x00000000c14a4770,0x00000000c4c80000)
 Metaspace       used 46945K, capacity 48324K, committed 48512K, reserved 1091584K
  class space    used 6376K, capacity 6773K, committed 6784K, reserved 1048576K
}
Event: 6.698 GC heap before
{Heap before GC invocations=12 (full 2):
 PSYoungGen      total 175616K, used 175584K [0x00000000eab00000, 0x00000000fb400000, 0x0000000100000000)
  eden space 161792K, 100% used [0x00000000eab00000,0x00000000f4900000,0x00000000f4900000)
  from space 13824K, 99% used [0x00000000f4900000,0x00000000f56781d8,0x00000000f5680000)
  to   space 17408K, 0% used [0x00000000fa300000,0x00000000fa300000,0x00000000fb400000)
 ParOldGen       total 78336K, used 21137K [0x00000000c0000000, 0x00000000c4c80000, 0x00000000eab00000)
  object space 78336K, 26% used [0x00000000c0000000,0x00000000c14a4770,0x00000000c4c80000)
 Metaspace       used 56873K, capacity 58870K, committed 59008K, reserved 1099776K
  class space    used 7748K, capacity 8244K, committed 8320K, reserved 1048576K
Event: 6.730 GC heap after
Heap after GC invocations=12 (full 2):
 PSYoungGen      total 248320K, used 17405K [0x00000000eab00000, 0x00000000fbc00000, 0x0000000100000000)
  eden space 230912K, 0% used [0x00000000eab00000,0x00000000eab00000,0x00000000f8c80000)
  from space 17408K, 99% used [0x00000000fa300000,0x00000000fb3ff520,0x00000000fb400000)
  to   space 23040K, 0% used [0x00000000f8c80000,0x00000000f8c80000,0x00000000fa300000)
 ParOldGen       total 78336K, used 30702K [0x00000000c0000000, 0x00000000c4c80000, 0x00000000eab00000)
  object space 78336K, 39% used [0x00000000c0000000,0x00000000c1dfbb18,0x00000000c4c80000)
 Metaspace       used 56873K, capacity 58870K, committed 59008K, reserved 1099776K
  class space    used 7748K, capacity 8244K, committed 8320K, reserved 1048576K
}
Event: 6.771 GC heap before
{Heap before GC invocations=13 (full 2):
 PSYoungGen      total 248320K, used 21704K [0x00000000eab00000, 0x00000000fbc00000, 0x0000000100000000)
  eden space 230912K, 1% used [0x00000000eab00000,0x00000000eaf32c80,0x00000000f8c80000)
  from space 17408K, 99% used [0x00000000fa300000,0x00000000fb3ff520,0x00000000fb400000)
  to   space 23040K, 0% used [0x00000000f8c80000,0x00000000f8c80000,0x00000000fa300000)
 ParOldGen       total 78336K, used 30702K [0x00000000c0000000, 0x00000000c4c80000, 0x00000000eab00000)
  object space 78336K, 39% used [0x00000000c0000000,0x00000000c1dfbb18,0x00000000c4c80000)
 Metaspace       used 56891K, capacity 58870K, committed 59008K, reserved 1099776K
  class space    used 7748K, capacity 8244K, committed 8320K, reserved 1048576K
Event: 6.790 GC heap after
Heap after GC invocations=13 (full 2):
 PSYoungGen      total 253952K, used 480K [0x00000000eab00000, 0x0000000100000000, 0x0000000100000000)
  eden space 230912K, 0% used [0x00000000eab00000,0x00000000eab00000,0x00000000f8c80000)
  from space 23040K, 2% used [0x00000000f8c80000,0x00000000f8cf8000,0x00000000fa300000)
  to   space 23552K, 0% used [0x00000000fe900000,0x00000000fe900000,0x0000000100000000)
 ParOldGen       total 78336K, used 48116K [0x00000000c0000000, 0x00000000c4c80000, 0x00000000eab00000)
  object space 78336K, 61% used [0x00000000c0000000,0x00000000c2efd098,0x00000000c4c80000)
 Metaspace       used 56891K, capacity 58870K, committed 59008K, reserved 1099776K
  class space    used 7748K, capacity 8244K, committed 8320K, reserved 1048576K
}
Event: 6.790 GC heap before
{Heap before GC invocations=14 (full 3):
 PSYoungGen      total 253952K, used 480K [0x00000000eab00000, 0x0000000100000000, 0x0000000100000000)
  eden space 230912K, 0% used [0x00000000eab00000,0x00000000eab00000,0x00000000f8c80000)
  from space 23040K, 2% used [0x00000000f8c80000,0x00000000f8cf8000,0x00000000fa300000)
  to   space 23552K, 0% used [0x00000000fe900000,0x00000000fe900000,0x0000000100000000)
 ParOldGen       total 78336K, used 48116K [0x00000000c0000000, 0x00000000c4c80000, 0x00000000eab00000)
  object space 78336K, 61% used [0x00000000c0000000,0x00000000c2efd098,0x00000000c4c80000)
 Metaspace       used 56891K, capacity 58870K, committed 59008K, reserved 1099776K
  class space    used 7748K, capacity 8244K, committed 8320K, reserved 1048576K
Event: 6.961 GC heap after
Heap after GC invocations=14 (full 3):
 PSYoungGen      total 253952K, used 0K [0x00000000eab00000, 0x0000000100000000, 0x0000000100000000)
  eden space 230912K, 0% used [0x00000000eab00000,0x00000000eab00000,0x00000000f8c80000)
  from space 23040K, 0% used [0x00000000f8c80000,0x00000000f8c80000,0x00000000fa300000)
  to   space 23552K, 0% used [0x00000000fe900000,0x00000000fe900000,0x0000000100000000)
 ParOldGen       total 116736K, used 38978K [0x00000000c0000000, 0x00000000c7200000, 0x00000000eab00000)
  object space 116736K, 33% used [0x00000000c0000000,0x00000000c2610810,0x00000000c7200000)
 Metaspace       used 56891K, capacity 58870K, committed 59008K, reserved 1099776K
  class space    used 7748K, capacity 8244K, committed 8320K, reserved 1048576K
}
Event: 12.097 GC heap before
{Heap before GC invocations=15 (full 3):
 PSYoungGen      total 253952K, used 230912K [0x00000000eab00000, 0x0000000100000000, 0x0000000100000000)
  eden space 230912K, 100% used [0x00000000eab00000,0x00000000f8c80000,0x00000000f8c80000)
  from space 23040K, 0% used [0x00000000f8c80000,0x00000000f8c80000,0x00000000fa300000)
  to   space 23552K, 0% used [0x00000000fe900000,0x00000000fe900000,0x0000000100000000)
 ParOldGen       total 116736K, used 38978K [0x00000000c0000000, 0x00000000c7200000, 0x00000000eab00000)
  object space 116736K, 33% used [0x00000000c0000000,0x00000000c2610810,0x00000000c7200000)
 Metaspace       used 65116K, capacity 67628K, committed 67712K, reserved 1107968K
  class space    used 8642K, capacity 9303K, committed 9344K, reserved 1048576K
Event: 12.113 GC heap after
Heap after GC invocations=15 (full 3):
 PSYoungGen      total 319488K, used 21348K [0x00000000eab00000, 0x0000000100000000, 0x0000000100000000)
  eden space 295936K, 0% used [0x00000000eab00000,0x00000000eab00000,0x00000000fcc00000)
  from space 23552K, 90% used [0x00000000fe900000,0x00000000ffdd9020,0x0000000100000000)
  to   space 26624K, 0% used [0x00000000fcc00000,0x00000000fcc00000,0x00000000fe600000)
 ParOldGen       total 116736K, used 38986K [0x00000000c0000000, 0x00000000c7200000, 0x00000000eab00000)
  object space 116736K, 33% used [0x00000000c0000000,0x00000000c2612810,0x00000000c7200000)
 Metaspace       used 65116K, capacity 67628K, committed 67712K, reserved 1107968K
  class space    used 8642K, capacity 9303K, committed 9344K, reserved 1048576K
}

