# JRE version: OpenJDK Runtime Environment (8.0_152-b02) (build 1.8.0_152-release-1024-b02)
# Java VM: OpenJDK 64-Bit Server VM (25.152-b02 mixed mode windows-amd64 compressed oops)
Heap:
 PSYoungGen      total 143360K, used 82048K [0x00000000eab00000, 0x00000000f4c00000, 0x0000000100000000)
  eden space 123392K, 58% used [0x00000000eab00000,0x00000000ef1e22d8,0x00000000f2380000)
  from space 19968K, 47% used [0x00000000f3680000,0x00000000f3fbded8,0x00000000f4a00000)
  to   space 19456K, 0% used [0x00000000f2380000,0x00000000f2380000,0x00000000f3680000)
 ParOldGen       total 142848K, used 35612K [0x00000000c0000000, 0x00000000c8b80000, 0x00000000eab00000)
  object space 142848K, 24% used [0x00000000c0000000,0x00000000c22c7110,0x00000000c8b80000)
 Metaspace       used 70433K, capacity 72432K, committed 72536K, reserved 1112064K
  class space    used 9057K, capacity 9552K, committed 9600K, reserved 1048576K
GC Heap History (10 events):
Event: 67.477 GC heap before
{Heap before GC invocations=21 (full 3):
 PSYoungGen      total 119296K, used 106807K [0x00000000eab00000, 0x00000000f3f00000, 0x0000000100000000)
  eden space 98816K, 100% used [0x00000000eab00000,0x00000000f0b80000,0x00000000f0b80000)
  from space 20480K, 39% used [0x00000000f0b80000,0x00000000f134dda8,0x00000000f1f80000)
  to   space 19456K, 0% used [0x00000000f2c00000,0x00000000f2c00000,0x00000000f3f00000)
 ParOldGen       total 142848K, used 35588K [0x00000000c0000000, 0x00000000c8b80000, 0x00000000eab00000)
  object space 142848K, 24% used [0x00000000c0000000,0x00000000c22c1110,0x00000000c8b80000)
 Metaspace       used 62340K, capacity 64194K, committed 64472K, reserved 1105920K
  class space    used 8188K, capacity 8645K, committed 8704K, reserved 1048576K
Event: 67.493 GC heap after
Heap after GC invocations=21 (full 3):
 PSYoungGen      total 130560K, used 15184K [0x00000000eab00000, 0x00000000f4080000, 0x0000000100000000)
  eden space 111104K, 0% used [0x00000000eab00000,0x00000000eab00000,0x00000000f1780000)
  from space 19456K, 78% used [0x00000000f2c00000,0x00000000f3ad41d8,0x00000000f3f00000)
  to   space 20992K, 0% used [0x00000000f1780000,0x00000000f1780000,0x00000000f2c00000)
 ParOldGen       total 142848K, used 35596K [0x00000000c0000000, 0x00000000c8b80000, 0x00000000eab00000)
  object space 142848K, 24% used [0x00000000c0000000,0x00000000c22c3110,0x00000000c8b80000)
 Metaspace       used 62340K, capacity 64194K, committed 64472K, reserved 1105920K
  class space    used 8188K, capacity 8645K, committed 8704K, reserved 1048576K
}
Event: 72.794 GC heap before
{Heap before GC invocations=22 (full 3):
 PSYoungGen      total 130560K, used 126288K [0x00000000eab00000, 0x00000000f4080000, 0x0000000100000000)
  eden space 111104K, 100% used [0x00000000eab00000,0x00000000f1780000,0x00000000f1780000)
  from space 19456K, 78% used [0x00000000f2c00000,0x00000000f3ad41d8,0x00000000f3f00000)
  to   space 20992K, 0% used [0x00000000f1780000,0x00000000f1780000,0x00000000f2c00000)
 ParOldGen       total 142848K, used 35596K [0x00000000c0000000, 0x00000000c8b80000, 0x00000000eab00000)
  object space 142848K, 24% used [0x00000000c0000000,0x00000000c22c3110,0x00000000c8b80000)
 Metaspace       used 64183K, capacity 66090K, committed 66264K, reserved 1105920K
  class space    used 8370K, capacity 8847K, committed 8960K, reserved 1048576K
Event: 72.805 GC heap after
Heap after GC invocations=22 (full 3):
 PSYoungGen      total 132096K, used 9575K [0x00000000eab00000, 0x00000000f4a00000, 0x0000000100000000)
  eden space 111104K, 0% used [0x00000000eab00000,0x00000000eab00000,0x00000000f1780000)
  from space 20992K, 45% used [0x00000000f1780000,0x00000000f20d9ca8,0x00000000f2c00000)
  to   space 19968K, 0% used [0x00000000f3680000,0x00000000f3680000,0x00000000f4a00000)
 ParOldGen       total 142848K, used 35604K [0x00000000c0000000, 0x00000000c8b80000, 0x00000000eab00000)
  object space 142848K, 24% used [0x00000000c0000000,0x00000000c22c5110,0x00000000c8b80000)
 Metaspace       used 64183K, capacity 66090K, committed 66264K, reserved 1105920K
  class space    used 8370K, capacity 8847K, committed 8960K, reserved 1048576K
}
Event: 73.261 GC heap before
{Heap before GC invocations=23 (full 3):
 PSYoungGen      total 132096K, used 120679K [0x00000000eab00000, 0x00000000f4a00000, 0x0000000100000000)
  eden space 111104K, 100% used [0x00000000eab00000,0x00000000f1780000,0x00000000f1780000)
  from space 20992K, 45% used [0x00000000f1780000,0x00000000f20d9ca8,0x00000000f2c00000)
  to   space 19968K, 0% used [0x00000000f3680000,0x00000000f3680000,0x00000000f4a00000)
 ParOldGen       total 142848K, used 35604K [0x00000000c0000000, 0x00000000c8b80000, 0x00000000eab00000)
  object space 142848K, 24% used [0x00000000c0000000,0x00000000c22c5110,0x00000000c8b80000)
 Metaspace       used 64388K, capacity 66288K, committed 66520K, reserved 1107968K
  class space    used 8390K, capacity 8848K, committed 8960K, reserved 1048576K
Event: 73.273 GC heap after
Heap after GC invocations=23 (full 3):
 PSYoungGen      total 143360K, used 7008K [0x00000000eab00000, 0x00000000f4c00000, 0x0000000100000000)
  eden space 123392K, 0% used [0x00000000eab00000,0x00000000eab00000,0x00000000f2380000)
  from space 19968K, 35% used [0x00000000f3680000,0x00000000f3d58010,0x00000000f4a00000)
  to   space 19456K, 0% used [0x00000000f2380000,0x00000000f2380000,0x00000000f3680000)
 ParOldGen       total 142848K, used 35612K [0x00000000c0000000, 0x00000000c8b80000, 0x00000000eab00000)
  object space 142848K, 24% used [0x00000000c0000000,0x00000000c22c7110,0x00000000c8b80000)
 Metaspace       used 64388K, capacity 66288K, committed 66520K, reserved 1107968K
  class space    used 8390K, capacity 8848K, committed 8960K, reserved 1048576K
}
Event: 73.807 GC heap before
{Heap before GC invocations=24 (full 3):
 PSYoungGen      total 143360K, used 130400K [0x00000000eab00000, 0x00000000f4c00000, 0x0000000100000000)
  eden space 123392K, 100% used [0x00000000eab00000,0x00000000f2380000,0x00000000f2380000)
  from space 19968K, 35% used [0x00000000f3680000,0x00000000f3d58010,0x00000000f4a00000)
  to   space 19456K, 0% used [0x00000000f2380000,0x00000000f2380000,0x00000000f3680000)
 ParOldGen       total 142848K, used 35612K [0x00000000c0000000, 0x00000000c8b80000, 0x00000000eab00000)
  object space 142848K, 24% used [0x00000000c0000000,0x00000000c22c7110,0x00000000c8b80000)
 Metaspace       used 64391K, capacity 66288K, committed 66520K, reserved 1107968K
  class space    used 8390K, capacity 8848K, committed 8960K, reserved 1048576K
Event: 73.817 GC heap after
Heap after GC invocations=24 (full 3):
 PSYoungGen      total 142848K, used 7376K [0x00000000eab00000, 0x00000000f4c00000, 0x0000000100000000)
  eden space 123392K, 0% used [0x00000000eab00000,0x00000000eab00000,0x00000000f2380000)
  from space 19456K, 37% used [0x00000000f2380000,0x00000000f2ab4020,0x00000000f3680000)
  to   space 19968K, 0% used [0x00000000f3680000,0x00000000f3680000,0x00000000f4a00000)
 ParOldGen       total 142848K, used 35612K [0x00000000c0000000, 0x00000000c8b80000, 0x00000000eab00000)
  object space 142848K, 24% used [0x00000000c0000000,0x00000000c22c7110,0x00000000c8b80000)
 Metaspace       used 64391K, capacity 66288K, committed 66520K, reserved 1107968K
  class space    used 8390K, capacity 8848K, committed 8960K, reserved 1048576K
}
Event: 74.261 GC heap before
{Heap before GC invocations=25 (full 3):
 PSYoungGen      total 142848K, used 130768K [0x00000000eab00000, 0x00000000f4c00000, 0x0000000100000000)
  eden space 123392K, 100% used [0x00000000eab00000,0x00000000f2380000,0x00000000f2380000)
  from space 19456K, 37% used [0x00000000f2380000,0x00000000f2ab4020,0x00000000f3680000)
  to   space 19968K, 0% used [0x00000000f3680000,0x00000000f3680000,0x00000000f4a00000)
 ParOldGen       total 142848K, used 35612K [0x00000000c0000000, 0x00000000c8b80000, 0x00000000eab00000)
  object space 142848K, 24% used [0x00000000c0000000,0x00000000c22c7110,0x00000000c8b80000)
 Metaspace       used 68210K, capacity 70160K, committed 70360K, reserved 1110016K
  class space    used 8886K, capacity 9392K, committed 9472K, reserved 1048576K
Event: 74.272 GC heap after
Heap after GC invocations=25 (full 3):
 PSYoungGen      total 143360K, used 9463K [0x00000000eab00000, 0x00000000f4c00000, 0x0000000100000000)
  eden space 123392K, 0% used [0x00000000eab00000,0x00000000eab00000,0x00000000f2380000)
  from space 19968K, 47% used [0x00000000f3680000,0x00000000f3fbded8,0x00000000f4a00000)
  to   space 19456K, 0% used [0x00000000f2380000,0x00000000f2380000,0x00000000f3680000)
 ParOldGen       total 142848K, used 35612K [0x00000000c0000000, 0x00000000c8b80000, 0x00000000eab00000)
  object space 142848K, 24% used [0x00000000c0000000,0x00000000c22c7110,0x00000000c8b80000)
 Metaspace       used 68210K, capacity 70160K, committed 70360K, reserved 1110016K
  class space    used 8886K, capacity 9392K, committed 9472K, reserved 1048576K
}

