# JRE version: OpenJDK Runtime Environment (8.0_152-b02) (build 1.8.0_152-release-1024-b02)
# Java VM: OpenJDK 64-Bit Server VM (25.152-b02 mixed mode windows-amd64 compressed oops)
Heap:
 PSYoungGen      total 320512K, used 305207K [0x00000000eab00000, 0x00000000fff00000, 0x0000000100000000)
  eden space 294912K, 97% used [0x00000000eab00000,0x00000000fc4f0380,0x00000000fcb00000)
  from space 25600K, 64% used [0x00000000fe600000,0x00000000ff61da00,0x00000000fff00000)
  to   space 26624K, 0% used [0x00000000fcb00000,0x00000000fcb00000,0x00000000fe500000)
 ParOldGen       total 131072K, used 68629K [0x00000000c0000000, 0x00000000c8000000, 0x00000000eab00000)
  object space 131072K, 52% used [0x00000000c0000000,0x00000000c4305768,0x00000000c8000000)
 Metaspace       used 78490K, capacity 81688K, committed 81752K, reserved 1120256K
  class space    used 10495K, capacity 11299K, committed 11352K, reserved 1048576K
GC Heap History (10 events):
Event: 7.868 GC heap before
{Heap before GC invocations=13 (full 3):
 PSYoungGen      total 289792K, used 17323K [0x00000000eab00000, 0x00000000fea00000, 0x0000000100000000)
  eden space 266240K, 0% used [0x00000000eab00000,0x00000000eab00000,0x00000000faf00000)
  from space 23552K, 73% used [0x00000000fc700000,0x00000000fd7eac60,0x00000000fde00000)
  to   space 24576K, 0% used [0x00000000faf00000,0x00000000faf00000,0x00000000fc700000)
 ParOldGen       total 83456K, used 43001K [0x00000000c0000000, 0x00000000c5180000, 0x00000000eab00000)
  object space 83456K, 51% used [0x00000000c0000000,0x00000000c29fe6e8,0x00000000c5180000)
 Metaspace       used 56938K, capacity 58918K, committed 59028K, reserved 1099776K
  class space    used 7886K, capacity 8398K, committed 8408K, reserved 1048576K
Event: 8.024 GC heap after
Heap after GC invocations=13 (full 3):
 PSYoungGen      total 289792K, used 0K [0x00000000eab00000, 0x00000000fea00000, 0x0000000100000000)
  eden space 266240K, 0% used [0x00000000eab00000,0x00000000eab00000,0x00000000faf00000)
  from space 23552K, 0% used [0x00000000fc700000,0x00000000fc700000,0x00000000fde00000)
  to   space 24576K, 0% used [0x00000000faf00000,0x00000000faf00000,0x00000000fc700000)
 ParOldGen       total 131072K, used 47013K [0x00000000c0000000, 0x00000000c8000000, 0x00000000eab00000)
  object space 131072K, 35% used [0x00000000c0000000,0x00000000c2de9710,0x00000000c8000000)
 Metaspace       used 56938K, capacity 58918K, committed 59028K, reserved 1099776K
  class space    used 7886K, capacity 8398K, committed 8408K, reserved 1048576K
}
Event: 46.825 GC heap before
{Heap before GC invocations=14 (full 3):
 PSYoungGen      total 289792K, used 266240K [0x00000000eab00000, 0x00000000fea00000, 0x0000000100000000)
  eden space 266240K, 100% used [0x00000000eab00000,0x00000000faf00000,0x00000000faf00000)
  from space 23552K, 0% used [0x00000000fc700000,0x00000000fc700000,0x00000000fde00000)
  to   space 24576K, 0% used [0x00000000faf00000,0x00000000faf00000,0x00000000fc700000)
 ParOldGen       total 131072K, used 47013K [0x00000000c0000000, 0x00000000c8000000, 0x00000000eab00000)
  object space 131072K, 35% used [0x00000000c0000000,0x00000000c2de9710,0x00000000c8000000)
 Metaspace       used 64485K, capacity 67084K, committed 67160K, reserved 1107968K
  class space    used 8633K, capacity 9279K, committed 9304K, reserved 1048576K
Event: 46.842 GC heap after
Heap after GC invocations=14 (full 3):
 PSYoungGen      total 290816K, used 13803K [0x00000000eab00000, 0x0000000100000000, 0x0000000100000000)
  eden space 266240K, 0% used [0x00000000eab00000,0x00000000eab00000,0x00000000faf00000)
  from space 24576K, 56% used [0x00000000faf00000,0x00000000fbc7aff8,0x00000000fc700000)
  to   space 24064K, 0% used [0x00000000fe880000,0x00000000fe880000,0x0000000100000000)
 ParOldGen       total 131072K, used 47021K [0x00000000c0000000, 0x00000000c8000000, 0x00000000eab00000)
  object space 131072K, 35% used [0x00000000c0000000,0x00000000c2deb710,0x00000000c8000000)
 Metaspace       used 64485K, capacity 67084K, committed 67160K, reserved 1107968K
  class space    used 8633K, capacity 9279K, committed 9304K, reserved 1048576K
}
Event: 51.947 GC heap before
{Heap before GC invocations=15 (full 3):
 PSYoungGen      total 290816K, used 280043K [0x00000000eab00000, 0x0000000100000000, 0x0000000100000000)
  eden space 266240K, 100% used [0x00000000eab00000,0x00000000faf00000,0x00000000faf00000)
  from space 24576K, 56% used [0x00000000faf00000,0x00000000fbc7aff8,0x00000000fc700000)
  to   space 24064K, 0% used [0x00000000fe880000,0x00000000fe880000,0x0000000100000000)
 ParOldGen       total 131072K, used 47021K [0x00000000c0000000, 0x00000000c8000000, 0x00000000eab00000)
  object space 131072K, 35% used [0x00000000c0000000,0x00000000c2deb710,0x00000000c8000000)
 Metaspace       used 73313K, capacity 76142K, committed 76376K, reserved 1116160K
  class space    used 9582K, capacity 10310K, committed 10328K, reserved 1048576K
Event: 51.986 GC heap after
Heap after GC invocations=15 (full 3):
 PSYoungGen      total 317952K, used 24055K [0x00000000eab00000, 0x0000000100000000, 0x0000000100000000)
  eden space 293888K, 0% used [0x00000000eab00000,0x00000000eab00000,0x00000000fca00000)
  from space 24064K, 99% used [0x00000000fe880000,0x00000000ffffdd00,0x0000000100000000)
  to   space 27648K, 0% used [0x00000000fca00000,0x00000000fca00000,0x00000000fe500000)
 ParOldGen       total 131072K, used 48115K [0x00000000c0000000, 0x00000000c8000000, 0x00000000eab00000)
  object space 131072K, 36% used [0x00000000c0000000,0x00000000c2efcdc0,0x00000000c8000000)
 Metaspace       used 73313K, capacity 76142K, committed 76376K, reserved 1116160K
  class space    used 9582K, capacity 10310K, committed 10328K, reserved 1048576K
}
Event: 55.025 GC heap before
{Heap before GC invocations=16 (full 3):
 PSYoungGen      total 317952K, used 317456K [0x00000000eab00000, 0x0000000100000000, 0x0000000100000000)
  eden space 293888K, 99% used [0x00000000eab00000,0x00000000fc986530,0x00000000fca00000)
  from space 24064K, 99% used [0x00000000fe880000,0x00000000ffffdd00,0x0000000100000000)
  to   space 27648K, 0% used [0x00000000fca00000,0x00000000fca00000,0x00000000fe500000)
 ParOldGen       total 131072K, used 48115K [0x00000000c0000000, 0x00000000c8000000, 0x00000000eab00000)
  object space 131072K, 36% used [0x00000000c0000000,0x00000000c2efcdc0,0x00000000c8000000)
 Metaspace       used 74347K, capacity 77252K, committed 77400K, reserved 1116160K
  class space    used 9734K, capacity 10481K, committed 10584K, reserved 1048576K
Event: 55.051 GC heap after
Heap after GC invocations=16 (full 3):
 PSYoungGen      total 321536K, used 11067K [0x00000000eab00000, 0x0000000100000000, 0x0000000100000000)
  eden space 293888K, 0% used [0x00000000eab00000,0x00000000eab00000,0x00000000fca00000)
  from space 27648K, 40% used [0x00000000fca00000,0x00000000fd4ced68,0x00000000fe500000)
  to   space 26624K, 0% used [0x00000000fe600000,0x00000000fe600000,0x0000000100000000)
 ParOldGen       total 131072K, used 68621K [0x00000000c0000000, 0x00000000c8000000, 0x00000000eab00000)
  object space 131072K, 52% used [0x00000000c0000000,0x00000000c4303768,0x00000000c8000000)
 Metaspace       used 74347K, capacity 77252K, committed 77400K, reserved 1116160K
  class space    used 9734K, capacity 10481K, committed 10584K, reserved 1048576K
}
Event: 56.252 GC heap before
{Heap before GC invocations=17 (full 3):
 PSYoungGen      total 321536K, used 304955K [0x00000000eab00000, 0x0000000100000000, 0x0000000100000000)
  eden space 293888K, 100% used [0x00000000eab00000,0x00000000fca00000,0x00000000fca00000)
  from space 27648K, 40% used [0x00000000fca00000,0x00000000fd4ced68,0x00000000fe500000)
  to   space 26624K, 0% used [0x00000000fe600000,0x00000000fe600000,0x0000000100000000)
 ParOldGen       total 131072K, used 68621K [0x00000000c0000000, 0x00000000c8000000, 0x00000000eab00000)
  object space 131072K, 52% used [0x00000000c0000000,0x00000000c4303768,0x00000000c8000000)
 Metaspace       used 76932K, capacity 80082K, committed 80216K, reserved 1118208K
  class space    used 10225K, capacity 10998K, committed 11096K, reserved 1048576K
Event: 56.273 GC heap after
Heap after GC invocations=17 (full 3):
 PSYoungGen      total 320512K, used 16502K [0x00000000eab00000, 0x00000000fff00000, 0x0000000100000000)
  eden space 294912K, 0% used [0x00000000eab00000,0x00000000eab00000,0x00000000fcb00000)
  from space 25600K, 64% used [0x00000000fe600000,0x00000000ff61da00,0x00000000fff00000)
  to   space 26624K, 0% used [0x00000000fcb00000,0x00000000fcb00000,0x00000000fe500000)
 ParOldGen       total 131072K, used 68629K [0x00000000c0000000, 0x00000000c8000000, 0x00000000eab00000)
  object space 131072K, 52% used [0x00000000c0000000,0x00000000c4305768,0x00000000c8000000)
 Metaspace       used 76932K, capacity 80082K, committed 80216K, reserved 1118208K
  class space    used 10225K, capacity 10998K, committed 11096K, reserved 1048576K
}

