# JRE version: OpenJDK Runtime Environment (8.0_152-b02) (build 1.8.0_152-release-1024-b02)
# Java VM: OpenJDK 64-Bit Server VM (25.152-b02 mixed mode windows-amd64 compressed oops)
Heap:
 PSYoungGen      total 160256K, used 51767K [0x00000000eab00000, 0x00000000f7f00000, 0x0000000100000000)
  eden space 145408K, 25% used [0x00000000eab00000,0x00000000ecf12778,0x00000000f3900000)
  from space 14848K, 99% used [0x00000000f3900000,0x00000000f477b520,0x00000000f4780000)
  to   space 19968K, 0% used [0x00000000f6b80000,0x00000000f6b80000,0x00000000f7f00000)
 ParOldGen       total 102400K, used 29699K [0x00000000c0000000, 0x00000000c6400000, 0x00000000eab00000)
  object space 102400K, 29% used [0x00000000c0000000,0x00000000c1d00c78,0x00000000c6400000)
 Metaspace       used 55018K, capacity 56660K, committed 56920K, reserved 1097728K
  class space    used 7533K, capacity 7970K, committed 8064K, reserved 1048576K
GC Heap History (10 events):
Event: 2.166 GC heap before
{Heap before GC invocations=7 (full 1):
 PSYoungGen      total 71680K, used 66560K [0x00000000eab00000, 0x00000000f4100000, 0x0000000100000000)
  eden space 66560K, 100% used [0x00000000eab00000,0x00000000eec00000,0x00000000eec00000)
  from space 5120K, 0% used [0x00000000eec00000,0x00000000eec00000,0x00000000ef100000)
  to   space 10240K, 0% used [0x00000000f3700000,0x00000000f3700000,0x00000000f4100000)
 ParOldGen       total 61440K, used 8045K [0x00000000c0000000, 0x00000000c3c00000, 0x00000000eab00000)
  object space 61440K, 13% used [0x00000000c0000000,0x00000000c07db6b8,0x00000000c3c00000)
 Metaspace       used 26332K, capacity 26870K, committed 27136K, reserved 1073152K
  class space    used 3624K, capacity 3780K, committed 3840K, reserved 1048576K
Event: 2.176 GC heap after
Heap after GC invocations=7 (full 1):
 PSYoungGen      total 108032K, used 7183K [0x00000000eab00000, 0x00000000f3e80000, 0x0000000100000000)
  eden space 100352K, 0% used [0x00000000eab00000,0x00000000eab00000,0x00000000f0d00000)
  from space 7680K, 93% used [0x00000000f3700000,0x00000000f3e03c70,0x00000000f3e80000)
  to   space 9728K, 0% used [0x00000000f2b80000,0x00000000f2b80000,0x00000000f3500000)
 ParOldGen       total 61440K, used 8053K [0x00000000c0000000, 0x00000000c3c00000, 0x00000000eab00000)
  object space 61440K, 13% used [0x00000000c0000000,0x00000000c07dd6b8,0x00000000c3c00000)
 Metaspace       used 26332K, capacity 26870K, committed 27136K, reserved 1073152K
  class space    used 3624K, capacity 3780K, committed 3840K, reserved 1048576K
}
Event: 2.984 GC heap before
{Heap before GC invocations=8 (full 1):
 PSYoungGen      total 108032K, used 99033K [0x00000000eab00000, 0x00000000f3e80000, 0x0000000100000000)
  eden space 100352K, 91% used [0x00000000eab00000,0x00000000f04b2818,0x00000000f0d00000)
  from space 7680K, 93% used [0x00000000f3700000,0x00000000f3e03c70,0x00000000f3e80000)
  to   space 9728K, 0% used [0x00000000f2b80000,0x00000000f2b80000,0x00000000f3500000)
 ParOldGen       total 61440K, used 8053K [0x00000000c0000000, 0x00000000c3c00000, 0x00000000eab00000)
  object space 61440K, 13% used [0x00000000c0000000,0x00000000c07dd6b8,0x00000000c3c00000)
 Metaspace       used 34559K, capacity 35266K, committed 35416K, reserved 1079296K
  class space    used 4759K, capacity 4987K, committed 4992K, reserved 1048576K
Event: 2.996 GC heap after
Heap after GC invocations=8 (full 1):
 PSYoungGen      total 141312K, used 9727K [0x00000000eab00000, 0x00000000f5380000, 0x0000000100000000)
  eden space 131584K, 0% used [0x00000000eab00000,0x00000000eab00000,0x00000000f2b80000)
  from space 9728K, 99% used [0x00000000f2b80000,0x00000000f34fff98,0x00000000f3500000)
  to   space 12288K, 0% used [0x00000000f4780000,0x00000000f4780000,0x00000000f5380000)
 ParOldGen       total 61440K, used 11266K [0x00000000c0000000, 0x00000000c3c00000, 0x00000000eab00000)
  object space 61440K, 18% used [0x00000000c0000000,0x00000000c0b009d0,0x00000000c3c00000)
 Metaspace       used 34559K, capacity 35266K, committed 35416K, reserved 1079296K
  class space    used 4759K, capacity 4987K, committed 4992K, reserved 1048576K
}
Event: 2.996 GC heap before
{Heap before GC invocations=9 (full 2):
 PSYoungGen      total 141312K, used 9727K [0x00000000eab00000, 0x00000000f5380000, 0x0000000100000000)
  eden space 131584K, 0% used [0x00000000eab00000,0x00000000eab00000,0x00000000f2b80000)
  from space 9728K, 99% used [0x00000000f2b80000,0x00000000f34fff98,0x00000000f3500000)
  to   space 12288K, 0% used [0x00000000f4780000,0x00000000f4780000,0x00000000f5380000)
 ParOldGen       total 61440K, used 11266K [0x00000000c0000000, 0x00000000c3c00000, 0x00000000eab00000)
  object space 61440K, 18% used [0x00000000c0000000,0x00000000c0b009d0,0x00000000c3c00000)
 Metaspace       used 34559K, capacity 35266K, committed 35416K, reserved 1079296K
  class space    used 4759K, capacity 4987K, committed 4992K, reserved 1048576K
Event: 3.054 GC heap after
Heap after GC invocations=9 (full 2):
 PSYoungGen      total 141312K, used 0K [0x00000000eab00000, 0x00000000f5380000, 0x0000000100000000)
  eden space 131584K, 0% used [0x00000000eab00000,0x00000000eab00000,0x00000000f2b80000)
  from space 9728K, 0% used [0x00000000f2b80000,0x00000000f2b80000,0x00000000f3500000)
  to   space 12288K, 0% used [0x00000000f4780000,0x00000000f4780000,0x00000000f5380000)
 ParOldGen       total 102400K, used 19624K [0x00000000c0000000, 0x00000000c6400000, 0x00000000eab00000)
  object space 102400K, 19% used [0x00000000c0000000,0x00000000c132a260,0x00000000c6400000)
 Metaspace       used 34559K, capacity 35266K, committed 35416K, reserved 1079296K
  class space    used 4759K, capacity 4987K, committed 4992K, reserved 1048576K
}
Event: 3.931 GC heap before
{Heap before GC invocations=10 (full 2):
 PSYoungGen      total 141312K, used 131584K [0x00000000eab00000, 0x00000000f5380000, 0x0000000100000000)
  eden space 131584K, 100% used [0x00000000eab00000,0x00000000f2b80000,0x00000000f2b80000)
  from space 9728K, 0% used [0x00000000f2b80000,0x00000000f2b80000,0x00000000f3500000)
  to   space 12288K, 0% used [0x00000000f4780000,0x00000000f4780000,0x00000000f5380000)
 ParOldGen       total 102400K, used 19624K [0x00000000c0000000, 0x00000000c6400000, 0x00000000eab00000)
  object space 102400K, 19% used [0x00000000c0000000,0x00000000c132a260,0x00000000c6400000)
 Metaspace       used 42065K, capacity 43062K, committed 43224K, reserved 1087488K
  class space    used 5781K, capacity 6091K, committed 6144K, reserved 1048576K
Event: 3.942 GC heap after
Heap after GC invocations=10 (full 2):
 PSYoungGen      total 157696K, used 12285K [0x00000000eab00000, 0x00000000f7a80000, 0x0000000100000000)
  eden space 145408K, 0% used [0x00000000eab00000,0x00000000eab00000,0x00000000f3900000)
  from space 12288K, 99% used [0x00000000f4780000,0x00000000f537f418,0x00000000f5380000)
  to   space 14848K, 0% used [0x00000000f3900000,0x00000000f3900000,0x00000000f4780000)
 ParOldGen       total 102400K, used 21502K [0x00000000c0000000, 0x00000000c6400000, 0x00000000eab00000)
  object space 102400K, 20% used [0x00000000c0000000,0x00000000c14ffaf0,0x00000000c6400000)
 Metaspace       used 42065K, capacity 43062K, committed 43224K, reserved 1087488K
  class space    used 5781K, capacity 6091K, committed 6144K, reserved 1048576K
}
Event: 5.770 GC heap before
{Heap before GC invocations=11 (full 2):
 PSYoungGen      total 157696K, used 157690K [0x00000000eab00000, 0x00000000f7a80000, 0x0000000100000000)
  eden space 145408K, 99% used [0x00000000eab00000,0x00000000f38ff528,0x00000000f3900000)
  from space 12288K, 99% used [0x00000000f4780000,0x00000000f537f418,0x00000000f5380000)
  to   space 14848K, 0% used [0x00000000f3900000,0x00000000f3900000,0x00000000f4780000)
 ParOldGen       total 102400K, used 21502K [0x00000000c0000000, 0x00000000c6400000, 0x00000000eab00000)
  object space 102400K, 20% used [0x00000000c0000000,0x00000000c14ffaf0,0x00000000c6400000)
 Metaspace       used 52928K, capacity 54648K, committed 54744K, reserved 1095680K
  class space    used 7241K, capacity 7640K, committed 7680K, reserved 1048576K
Event: 5.792 GC heap after
Heap after GC invocations=11 (full 2):
 PSYoungGen      total 160256K, used 14829K [0x00000000eab00000, 0x00000000f7f00000, 0x0000000100000000)
  eden space 145408K, 0% used [0x00000000eab00000,0x00000000eab00000,0x00000000f3900000)
  from space 14848K, 99% used [0x00000000f3900000,0x00000000f477b520,0x00000000f4780000)
  to   space 19968K, 0% used [0x00000000f6b80000,0x00000000f6b80000,0x00000000f7f00000)
 ParOldGen       total 102400K, used 29699K [0x00000000c0000000, 0x00000000c6400000, 0x00000000eab00000)
  object space 102400K, 29% used [0x00000000c0000000,0x00000000c1d00c78,0x00000000c6400000)
 Metaspace       used 52928K, capacity 54648K, committed 54744K, reserved 1095680K
  class space    used 7241K, capacity 7640K, committed 7680K, reserved 1048576K
}

